C51 COMPILER V9.60.0.0   KEY                                                               11/30/2021 21:43:25 PAGE 1   


C51 COMPILER V9.60.0.0, COMPILATION OF MODULE KEY
OBJECT MODULE PLACED IN .\Output\key.obj
COMPILER INVOKED BY: D:\keil5\keil5 C51\C51\BIN\C51.EXE HEADWARE\KEY\key.c OPTIMIZE(8,SPEED) BROWSE INCDIR(.\HEADWARE\KE
                    -Y;.\HEADWARE\MAIN;.\HEADWARE\SEG;.\HEADWARE\TIM;.\System\DELAY) DEBUG OBJECTEXTEND PRINT(.\Listings\key.lst) OBJECT(.\Ou
                    -tput\key.obj)

line level    source

   1          #include "reg52.h"
   2          #include "tim.h"
   3          #include "key.h"
   4          #include "delay.h"
   5          
   6          u8 next_time;
   7          
   8          void KeyScan()          
   9          {
  10   1              if(run_key == 0)                //开始键按下
  11   1              {
  12   2                      delay(10);
  13   2                      if(run_key == 0)
  14   2                      {
  15   3                              sta_led = 0;
  16   3                              ans_led = 1;
  17   3                              run_flag = 1;   //设置模式
  18   3                              buzzer = 0;             //蜂鸣器响
  19   3                              TR0 = 1;                //开启定时器，倒计时
  20   3                              TR1 = 1;
  21   3                      }
  22   2                      while(run_key == 0);    //按键松开
  23   2              }
  24   1              if(rst_key == 0)                //复位键按下
  25   1              {
  26   2                      delay(10);
  27   2                      if(rst_key == 0)
  28   2                      {
  29   3                              sta_led = 0;
  30   3                              ans_led = 0;
  31   3                              run_flag = 0;   //不抢答
  32   3                              TR0 = 0;                //关闭定时器
  33   3                              TR1 = 0;
  34   3                              Count_A = 0;    //定时复位
  35   3                              Count_B = 0;
  36   3                              player_num = 0;
  37   3                              time_off = 0;
  38   3                              now_time = next_time;   //重新赋值倒计时
  39   3                              buzzer = 1;             //取消报警
  40   3                      }
  41   2                      while(rst_key == 0);
  42   2              }
  43   1              if(run_flag==0 && time_off==0 )         //未开始抢答时候方可加减倒计时时间
  44   1              {
  45   2                      if(add_key == 0)        //定时加
  46   2                      {
  47   3                              delay(10);
  48   3                              if(add_key == 0)
  49   3                              {
  50   4                                      next_time = next_time+10;
  51   4                                      now_time = now_time+10;
  52   4                              }
  53   3                              while(add_key == 0);
C51 COMPILER V9.60.0.0   KEY                                                               11/30/2021 21:43:25 PAGE 2   

  54   3                      }
  55   2                      if(dec_key == 0)        //定时减
  56   2                      {
  57   3                              delay(10);
  58   3                              if(dec_key == 0)
  59   3                              {
  60   4                                      next_time = next_time - 10;
  61   4                                      now_time = now_time - 10;
  62   4                              }
  63   3                              while(dec_key == 0);
  64   3                      }
  65   2      
  66   2                      /*答题次数统计模块*/
  67   2                      player = P1;            //读取端口电平，确定按键位置
  68   2                      switch(player)
  69   2                      {
  70   3                              case 0xfe: player_num = 1;now_time = a;break;
  71   3                              case 0xfd: player_num = 2;now_time = b;break;
  72   3                              case 0xfb: player_num = 3;now_time = c;break;
  73   3                              case 0xf7: player_num = 4;now_time = d;break;
  74   3                              case 0xef: player_num = 5;now_time = e;break;
  75   3                              case 0xdf: player_num = 6;now_time = f;break;
  76   3                              case 0xbf: player_num = 7;now_time = g;break;
  77   3                              case 0x7f: player_num = 8;now_time = h;break;
  78   3                              case 0xff: break;               
  79   3                      }
  80   2              }
  81   1      }


MODULE INFORMATION:   STATIC OVERLAYABLE
   CODE SIZE        =    258    ----
   CONSTANT SIZE    =   ----    ----
   XDATA SIZE       =   ----    ----
   PDATA SIZE       =   ----    ----
   DATA SIZE        =      1    ----
   IDATA SIZE       =   ----    ----
   BIT SIZE         =   ----    ----
END OF MODULE INFORMATION.


C51 COMPILATION COMPLETE.  0 WARNING(S),  0 ERROR(S)
