C51 COMPILER V9.60.0.0   MAIN                                                              11/30/2021 21:43:25 PAGE 1   


C51 COMPILER V9.60.0.0, COMPILATION OF MODULE MAIN
OBJECT MODULE PLACED IN .\Output\main.obj
COMPILER INVOKED BY: D:\keil5\keil5 C51\C51\BIN\C51.EXE main.c OPTIMIZE(8,SPEED) BROWSE INCDIR(.\HEADWARE\KEY;.\HEADWARE
                    -\MAIN;.\HEADWARE\SEG;.\HEADWARE\TIM;.\System\DELAY) DEBUG OBJECTEXTEND PRINT(.\Listings\main.lst) OBJECT(.\Output\main.o
                    -bj)

line level    source

   1          #include "reg52.h"
   2          #include "delay.h"
   3          #include "key.h"
   4          #include "seg.h"
   5          #include "tim.h"
   6          #include "main.h"
   7          
   8          void main(void)
   9          {
  10   1              EX_Init();
  11   1              buzzer = 1;
  12   1              P2 = 0xff;
  13   1              P1 = 0xff;
  14   1              P0 = 0xff;
  15   1              sta_led = 0;
  16   1              ans_led = 0;
  17   1              next_time = now_time;
  18   1              while(1)
  19   1              {       
  20   2                      KeyScan();
  21   2                      display(player_num,now_time);   
  22   2              }
  23   1      }


MODULE INFORMATION:   STATIC OVERLAYABLE
   CODE SIZE        =     38    ----
   CONSTANT SIZE    =   ----    ----
   XDATA SIZE       =   ----    ----
   PDATA SIZE       =   ----    ----
   DATA SIZE        =   ----    ----
   IDATA SIZE       =   ----    ----
   BIT SIZE         =   ----    ----
END OF MODULE INFORMATION.


C51 COMPILATION COMPLETE.  0 WARNING(S),  0 ERROR(S)
