C51 COMPILER V9.60.0.0   SEG                                                               12/01/2021 18:02:33 PAGE 1   


C51 COMPILER V9.60.0.0, COMPILATION OF MODULE SEG
OBJECT MODULE PLACED IN .\Output\seg.obj
COMPILER INVOKED BY: D:\keil5\keil5 C51\C51\BIN\C51.EXE HEADWARE\SEG\seg.c OPTIMIZE(8,SPEED) BROWSE INCDIR(.\HEADWARE\KE
                    -Y;.\HEADWARE\MAIN;.\HEADWARE\SEG;.\HEADWARE\TIM;.\System\DELAY) DEBUG OBJECTEXTEND PRINT(.\Listings\seg.lst) OBJECT(.\Ou
                    -tput\seg.obj)

line level    source

   1          #include "reg52.h"
   2          #include "seg.h"
   3          
   4          u8 code seven_seg[] = {0x3f,0x06,0x5b,0x4f,0x66,0x6d,0x7d,0x07,0x7f,0x6f};              //数码管段码0~9
   5          u8 code seven_bit[] = {0xfe,0xfd,0xfb,0xf7};    //数码管位选
   6          
   7          void display(u16 a,u16 b)       //a为选手号，b为时间
   8          {
   9   1              P2 = seven_bit[0];
  10   1              P0 = seven_seg[a];                      //选手号
  11   1              delay(1);
  12   1              P2 = seven_bit[1];
  13   1              P0 = 0x40;              //横杠
  14   1              delay(1);
  15   1              P2 = seven_bit[2];
  16   1              P0 = seven_seg[b/10];           //倒计时十位
  17   1              delay(1);
  18   1              P2 = seven_bit[3];
  19   1              P0 = seven_seg[b%10];           //倒计时个位
  20   1              delay(1);
  21   1              P2 = 0xff;              //消影  
  22   1      }


MODULE INFORMATION:   STATIC OVERLAYABLE
   CODE SIZE        =    131    ----
   CONSTANT SIZE    =     14    ----
   XDATA SIZE       =   ----    ----
   PDATA SIZE       =   ----    ----
   DATA SIZE        =   ----       2
   IDATA SIZE       =   ----    ----
   BIT SIZE         =   ----    ----
END OF MODULE INFORMATION.


C51 COMPILATION COMPLETE.  0 WARNING(S),  0 ERROR(S)
