C51 COMPILER V9.60.0.0   TIM                                                               11/30/2021 21:43:26 PAGE 1   


C51 COMPILER V9.60.0.0, COMPILATION OF MODULE TIM
OBJECT MODULE PLACED IN .\Output\tim.obj
COMPILER INVOKED BY: D:\keil5\keil5 C51\C51\BIN\C51.EXE HEADWARE\TIM\tim.c OPTIMIZE(8,SPEED) BROWSE INCDIR(.\HEADWARE\KE
                    -Y;.\HEADWARE\MAIN;.\HEADWARE\SEG;.\HEADWARE\TIM;.\System\DELAY) DEBUG OBJECTEXTEND PRINT(.\Listings\tim.lst) OBJECT(.\Ou
                    -tput\tim.obj)

line level    source

   1          #include "reg52.h"
   2          #include "main.h"
   3          #include "tim.h"
   4          #include "delay.h"
   5          
   6          bit run_flag = 0;       //主持人按下开始键标志位
   7          bit time_off = 0;       //倒计时时间到，或者有人抢答成功
   8          
   9          u8 player;                      //选手按键的键值
  10          u8 now_time = 30;       //倒计时时间，30s
  11          u16 player_num = 0;     //选手号码
  12          
  13          u8 a=0,b=0,c=0,d=0;     //各队答题次数统计
  14          u8 e=0,f=0,g=0,h=0;
  15          
  16          u16 Count_A = 0;        //定时器计数变量
  17          u16 Count_B = 0;        //定时器计数变量
  18          
  19          void EX_Init()
  20          {
  21   1              TMOD = 0x11;
  22   1              TH0 = (65536-10000)/256;                //10ms
  23   1              TL0 = (65536-10000)%256;
  24   1              TH1 = (65536-10000)/256;                //10ms
  25   1              TL1 = (65536-10000)%256;
  26   1              IE = 0x8b;
  27   1              IT0 = 1;
  28   1              IT1 = 1;
  29   1              PX0 = 1;
  30   1              TR0 = 0;                //关闭定时器
  31   1              TR1 = 0;
  32   1      }
  33          
  34          void anser(void)        //有人抢答后所执行的操作
  35          {
  36   1              run_flag = 0;
  37   1              time_off = 1;
  38   1              TR0 = 0;
  39   1              TR1 = 0;
  40   1              buzzer = 0;
  41   1              delay(200);
  42   1              buzzer = 1;
  43   1              sta_led = 1;
  44   1              ans_led = 0;
  45   1      }
  46          
  47          void Time0() interrupt 1
  48          {
  49   1              TH0 = (65536-10000)/256;                //10ms
  50   1              TL0 = (65536-10000)%256;        
  51   1              /*抢答模块*/
  52   1              if(run_flag == 1)               //抢答开始
  53   1              {
C51 COMPILER V9.60.0.0   TIM                                                               11/30/2021 21:43:26 PAGE 2   

  54   2                      player = P1;            //读取端口电平，确定按键位置
  55   2                      switch(player)
  56   2                      {
  57   3                              case 0xfe: player_num = 1;anser();a++;break;
  58   3                              case 0xfd: player_num = 2;anser();b++;break;
  59   3                              case 0xfb: player_num = 3;anser();c++;break;
  60   3                              case 0xf7: player_num = 4;anser();d++;break;
  61   3                              case 0xef: player_num = 5;anser();e++;break;
  62   3                              case 0xdf: player_num = 6;anser();f++;break;
  63   3                              case 0xbf: player_num = 7;anser();g++;break;
  64   3                              case 0x7f: player_num = 8;anser();h++;break;
  65   3                              case 0xff: break;               //无人抢答
  66   3                              default: player_num = 9;break;          //出现其他情况显示9
  67   3                      }
  68   2              }       
  69   1      }
  70          
  71          /*定时器1中断*/
  72          void Time1() interrupt 3
  73          {
  74   1              TH1 = (65536-10000)/256;                //10ms
  75   1              TL1 = (65536-10000)%256;        
  76   1              Count_A++;                              /*倒计时模块*/
  77   1              Count_B++;
  78   1              if(Count_B<50)
  79   1                      buzzer = 0;
  80   1              else 
  81   1                      buzzer = 1;
  82   1              
  83   1              if(Count_A == 100)              //每秒钟减一
  84   1              {
  85   2                      Count_A = 0;
  86   2                      now_time--;                     //倒计时减一
  87   2                      if(now_time <= 0)       //倒计时结束，其他功能复位，蜂鸣器报警
  88   2                      {
  89   3                               now_time = 0;
  90   3                               run_flag = 0;
  91   3                               TR0 = 0;
  92   3                               TR1 = 0;
  93   3                               time_off = 0;
  94   3                               buzzer = 0;
  95   3                      }
  96   2              }
  97   1      }


MODULE INFORMATION:   STATIC OVERLAYABLE
   CODE SIZE        =    354    ----
   CONSTANT SIZE    =   ----    ----
   XDATA SIZE       =   ----    ----
   PDATA SIZE       =   ----    ----
   DATA SIZE        =     16    ----
   IDATA SIZE       =   ----    ----
   BIT SIZE         =      2    ----
END OF MODULE INFORMATION.


C51 COMPILATION COMPLETE.  0 WARNING(S),  0 ERROR(S)
